0 info it worked if it ends with ok
1 verbose cli [ '/usr/local/bin/node', '/usr/local/bin/npm', 'run', 'serve' ]
2 info using npm@3.10.10
3 info using node@v6.10.0
4 verbose run-script [ 'preserve', 'serve', 'postserve' ]
5 info lifecycle interview-notes@0.0.0~preserve: interview-notes@0.0.0
6 silly lifecycle interview-notes@0.0.0~preserve: no script for preserve, continuing
7 info lifecycle interview-notes@0.0.0~serve: interview-notes@0.0.0
8 verbose lifecycle interview-notes@0.0.0~serve: unsafe-perm in lifecycle true
9 verbose lifecycle interview-notes@0.0.0~serve: PATH: /usr/local/lib/node_modules/npm/bin/node-gyp-bin:/Users/tristan/personal-projects/interview-notes/node_modules/.bin:/Users/tristan/npm/lib/node_modules/bower/bin:/Users/tristan/npm/lib/node_modules/grunt-cli/bin:/usr/local/bin:/usr/bin:/bin:/usr/sbin:/sbin:/Users/tristan/npm/bin
10 verbose lifecycle interview-notes@0.0.0~serve: CWD: /Users/tristan/personal-projects/interview-notes
11 silly lifecycle interview-notes@0.0.0~serve: Args: [ '-c', 'webpack-dev-server --open' ]
12 silly lifecycle interview-notes@0.0.0~serve: Returned: code: 1  signal: null
13 info lifecycle interview-notes@0.0.0~serve: Failed to exec serve script
14 verbose stack Error: interview-notes@0.0.0 serve: `webpack-dev-server --open`
14 verbose stack Exit status 1
14 verbose stack     at EventEmitter.<anonymous> (/usr/local/lib/node_modules/npm/lib/utils/lifecycle.js:255:16)
14 verbose stack     at emitTwo (events.js:106:13)
14 verbose stack     at EventEmitter.emit (events.js:191:7)
14 verbose stack     at ChildProcess.<anonymous> (/usr/local/lib/node_modules/npm/lib/utils/spawn.js:40:14)
14 verbose stack     at emitTwo (events.js:106:13)
14 verbose stack     at ChildProcess.emit (events.js:191:7)
14 verbose stack     at maybeClose (internal/child_process.js:877:16)
14 verbose stack     at Process.ChildProcess._handle.onexit (internal/child_process.js:226:5)
15 verbose pkgid interview-notes@0.0.0
16 verbose cwd /Users/tristan/personal-projects/interview-notes
17 error Darwin 16.0.0
18 error argv "/usr/local/bin/node" "/usr/local/bin/npm" "run" "serve"
19 error node v6.10.0
20 error npm  v3.10.10
21 error code ELIFECYCLE
22 error interview-notes@0.0.0 serve: `webpack-dev-server --open`
22 error Exit status 1
23 error Failed at the interview-notes@0.0.0 serve script 'webpack-dev-server --open'.
23 error Make sure you have the latest version of node.js and npm installed.
23 error If you do, this is most likely a problem with the interview-notes package,
23 error not with npm itself.
23 error Tell the author that this fails on your system:
23 error     webpack-dev-server --open
23 error You can get information on how to open an issue for this project with:
23 error     npm bugs interview-notes
23 error Or if that isn't available, you can get their info via:
23 error     npm owner ls interview-notes
23 error There is likely additional logging output above.
24 verbose exit [ 1, true ]
